<?xml version="1.0" encoding="UTF-8"?>
<!-- Generated by org.testng.reporters.JUnitReportReporter -->
<testsuite hostname="Akshay-PC" name="com.qa.tests.PostAPITest" tests="1" failures="0" timestamp="4 Jan 2018 23:28:50 GMT" time="1.846" errors="0">
  <testcase name="postAPITest" time="1.846" classname="com.qa.tests.PostAPITest"/>
</testsuite> <!-- com.qa.tests.PostAPITest -->
