<?xml version="1.0" encoding="UTF-8"?>
<!-- Generated by org.testng.reporters.JUnitReportReporter -->
<testsuite hostname="Akshay-PC" name="com.qa.tests.GetAPITest" tests="2" failures="0" timestamp="4 Jan 2018 17:25:08 GMT" time="1.736" errors="0">
  <testcase name="getAPITestWithHeaders" time="0.311" classname="com.qa.tests.GetAPITest"/>
  <testcase name="getAPITestWithoutHeaders" time="1.425" classname="com.qa.tests.GetAPITest"/>
</testsuite> <!-- com.qa.tests.GetAPITest -->
